1639624674509	geckodriver	INFO	Listening on 127.0.0.1:1037
1639624677547	mozrunner::runner	INFO	Running command: "C:\\Program Files\\Mozilla Firefox\\firefox.exe" "--marionette" "-no-remote" "-profile" "C:\\Users\\PENGAL~1\\AppData\\Local\\Temp\\rust_mozprofileR9PgqY"
1639624677985	Marionette	INFO	Marionette enabled
console.warn: SearchSettings: "get: No settings file exists, new profile?" (new NotFoundError("Could not open the file at C:\\Users\\PengalamanIT\\AppData\\Local\\Temp\\rust_mozprofileR9PgqY\\search.json.mozlz4", (void 0)))
1639624680608	Marionette	INFO	Listening on port 1057
1639624680714	RemoteAgent	WARN	TLS certificate errors will be ignored for this session
1639624690062	Marionette	INFO	Stopped listening on port 1057
console.warn: TopSitesFeed: Failed to fetch data from Contile server: NetworkError when attempting to fetch resource.
1639625284711	geckodriver	INFO	Listening on 127.0.0.1:1679
1639625287764	mozrunner::runner	INFO	Running command: "C:\\Program Files\\Mozilla Firefox\\firefox.exe" "--marionette" "-no-remote" "-profile" "C:\\Users\\PENGAL~1\\AppData\\Local\\Temp\\rust_mozprofilef59PAQ"
1639625288155	Marionette	INFO	Marionette enabled
console.warn: SearchSettings: "get: No settings file exists, new profile?" (new NotFoundError("Could not open the file at C:\\Users\\PengalamanIT\\AppData\\Local\\Temp\\rust_mozprofilef59PAQ\\search.json.mozlz4", (void 0)))
1639625290548	Marionette	INFO	Listening on port 1689
1639625290932	RemoteAgent	WARN	TLS certificate errors will be ignored for this session
1639625298574	Marionette	INFO	Stopped listening on port 1689
JavaScript error: resource://gre/modules/UrlClassifierListManager.jsm, line 691: TypeError: this.tablesData[table] is undefined
console.warn: TopSitesFeed: Failed to fetch data from Contile server: NetworkError when attempting to fetch resource.

###!!! [Parent][RunMessage] Error: Channel closing: too late to send/recv, messages will be lost

1639625531189	geckodriver	INFO	Listening on 127.0.0.1:1915
1639625534257	mozrunner::runner	INFO	Running command: "C:\\Program Files\\Mozilla Firefox\\firefox.exe" "--marionette" "-no-remote" "-profile" "C:\\Users\\PENGAL~1\\AppData\\Local\\Temp\\rust_mozprofileahDxuH"
1639625534651	Marionette	INFO	Marionette enabled
console.warn: SearchSettings: "get: No settings file exists, new profile?" (new NotFoundError("Could not open the file at C:\\Users\\PengalamanIT\\AppData\\Local\\Temp\\rust_mozprofileahDxuH\\search.json.mozlz4", (void 0)))
1639625537126	Marionette	INFO	Listening on port 1924
1639625537426	RemoteAgent	WARN	TLS certificate errors will be ignored for this session
1639625542946	Marionette	INFO	Stopped listening on port 1924
console.warn: TopSitesFeed: Failed to fetch data from Contile server: NetworkError when attempting to fetch resource.
1639625623065	geckodriver	INFO	Listening on 127.0.0.1:2041
1639625626130	mozrunner::runner	INFO	Running command: "C:\\Program Files\\Mozilla Firefox\\firefox.exe" "--marionette" "-no-remote" "-profile" "C:\\Users\\PENGAL~1\\AppData\\Local\\Temp\\rust_mozprofileCXa8Tz"
1639625626531	Marionette	INFO	Marionette enabled
console.warn: SearchSettings: "get: No settings file exists, new profile?" (new NotFoundError("Could not open the file at C:\\Users\\PengalamanIT\\AppData\\Local\\Temp\\rust_mozprofileCXa8Tz\\search.json.mozlz4", (void 0)))
1639625629034	Marionette	INFO	Listening on port 2050
1639625629289	RemoteAgent	WARN	TLS certificate errors will be ignored for this session
1639625640524	Marionette	INFO	Stopped listening on port 2050
console.warn: TopSitesFeed: Failed to fetch data from Contile server: NetworkError when attempting to fetch resource.
1639625800591	geckodriver	INFO	Listening on 127.0.0.1:2212
1639625803670	mozrunner::runner	INFO	Running command: "C:\\Program Files\\Mozilla Firefox\\firefox.exe" "--marionette" "-no-remote" "-profile" "C:\\Users\\PENGAL~1\\AppData\\Local\\Temp\\rust_mozprofileSbzX9U"
1639625804091	Marionette	INFO	Marionette enabled
console.warn: SearchSettings: "get: No settings file exists, new profile?" (new NotFoundError("Could not open the file at C:\\Users\\PengalamanIT\\AppData\\Local\\Temp\\rust_mozprofileSbzX9U\\search.json.mozlz4", (void 0)))
1639625806704	Marionette	INFO	Listening on port 2222
1639625806838	RemoteAgent	WARN	TLS certificate errors will be ignored for this session
1639625816413	Marionette	INFO	Stopped listening on port 2222
console.warn: TopSitesFeed: Failed to fetch data from Contile server: NetworkError when attempting to fetch resource.
1639625837007	geckodriver	INFO	Listening on 127.0.0.1:2293
1639625840042	mozrunner::runner	INFO	Running command: "C:\\Program Files\\Mozilla Firefox\\firefox.exe" "--marionette" "-no-remote" "-profile" "C:\\Users\\PENGAL~1\\AppData\\Local\\Temp\\rust_mozprofilehpktgJ"
1639625840436	Marionette	INFO	Marionette enabled
console.warn: SearchSettings: "get: No settings file exists, new profile?" (new NotFoundError("Could not open the file at C:\\Users\\PengalamanIT\\AppData\\Local\\Temp\\rust_mozprofilehpktgJ\\search.json.mozlz4", (void 0)))
1639625843055	Marionette	INFO	Listening on port 2303
1639625843215	RemoteAgent	WARN	TLS certificate errors will be ignored for this session
1639625850204	Marionette	INFO	Stopped listening on port 2303
console.warn: TopSitesFeed: Failed to fetch data from Contile server: NetworkError when attempting to fetch resource.
1639625979232	geckodriver	INFO	Listening on 127.0.0.1:2441
1639625982316	mozrunner::runner	INFO	Running command: "C:\\Program Files\\Mozilla Firefox\\firefox.exe" "--marionette" "-no-remote" "-profile" "C:\\Users\\PENGAL~1\\AppData\\Local\\Temp\\rust_mozprofile1vPN8V"
1639625982696	Marionette	INFO	Marionette enabled
console.warn: SearchSettings: "get: No settings file exists, new profile?" (new NotFoundError("Could not open the file at C:\\Users\\PengalamanIT\\AppData\\Local\\Temp\\rust_mozprofile1vPN8V\\search.json.mozlz4", (void 0)))
1639625985393	Marionette	INFO	Listening on port 2450
1639625985493	RemoteAgent	WARN	TLS certificate errors will be ignored for this session
1639625994491	Marionette	INFO	Stopped listening on port 2450
console.warn: TopSitesFeed: Failed to fetch data from Contile server: NetworkError when attempting to fetch resource.
1639626000628	geckodriver	INFO	Listening on 127.0.0.1:2512
1639626003686	mozrunner::runner	INFO	Running command: "C:\\Program Files\\Mozilla Firefox\\firefox.exe" "--marionette" "-no-remote" "-profile" "C:\\Users\\PENGAL~1\\AppData\\Local\\Temp\\rust_mozprofile1DePhF"
1639626004069	Marionette	INFO	Marionette enabled
console.warn: SearchSettings: "get: No settings file exists, new profile?" (new NotFoundError("Could not open the file at C:\\Users\\PengalamanIT\\AppData\\Local\\Temp\\rust_mozprofile1DePhF\\search.json.mozlz4", (void 0)))
1639626006683	Marionette	INFO	Listening on port 2523
1639626006851	RemoteAgent	WARN	TLS certificate errors will be ignored for this session
1639626009729	Marionette	INFO	Stopped listening on port 2523

###!!! [Parent][MessageChannel] Error: (msgtype=0x39007A,name=PContent::Msg_DestroyBrowsingContextGroup) Closed channel: cannot send/recv

1639626053764	geckodriver	INFO	Listening on 127.0.0.1:2602
1639626056830	mozrunner::runner	INFO	Running command: "C:\\Program Files\\Mozilla Firefox\\firefox.exe" "--marionette" "-no-remote" "-profile" "C:\\Users\\PENGAL~1\\AppData\\Local\\Temp\\rust_mozprofileornNso"
1639626057225	Marionette	INFO	Marionette enabled
console.warn: SearchSettings: "get: No settings file exists, new profile?" (new NotFoundError("Could not open the file at C:\\Users\\PengalamanIT\\AppData\\Local\\Temp\\rust_mozprofileornNso\\search.json.mozlz4", (void 0)))
1639626059640	Marionette	INFO	Listening on port 2618
1639626060022	RemoteAgent	WARN	TLS certificate errors will be ignored for this session
1639626466466	Marionette	INFO	Stopped listening on port 2618
console.warn: TopSitesFeed: Failed to fetch data from Contile server: NetworkError when attempting to fetch resource.
o-remote" "-profile" "C:\\Users\\PENGAL~1\\AppData\\Local\\Temp\\rust_mozprofiledMJeBf"
1639626187436	Marionette	INFO	Marionette enabled
console.warn: SearchSettings: "get: No settings file exists, new profile?" (new NotFoundError("Could not open the file at C:\\Users\\PengalamanIT\\AppData\\Local\\Temp\\rust_mozprofiledMJeBf\\search.json.mozlz4", (void 0)))
1639626189798	Marionette	INFO	Listening on port 1113
1639626190041	RemoteAgent	WARN	TLS certificate errors will be ignored for this session
1639626192660	Marionette	INFO	Stopped listening on port 1113

###!!! [Parent][MessageChannel] Error: (msgtype=0x39007A,name=PContent::Msg_DestroyBrowsingContextGroup) Closed channel: cannot send/recv

1639626218100	geckodriver	INFO	Listening on 127.0.0.1:1186
1639626221164	mozrunner::runner	INFO	Running command: "C:\\Program Files\\Mozilla Firefox\\firefox.exe" "--marionette" "-no-remote" "-profile" "C:\\Users\\PENGAL~1\\AppData\\Local\\Temp\\rust_mozprofilejG1jzk"
1639626221459	Marionette	INFO	Marionette enabled
console.warn: SearchSettings: "get: No settings file exists, new profile?" (new NotFoundError("Could not open the file at C:\\Users\\PengalamanIT\\AppData\\Local\\Temp\\rust_mozprofilejG1jzk\\search.json.mozlz4", (void 0)))
1639626223655	Marionette	INFO	Listening on port 1196
1639626223829	RemoteAgent	WARN	TLS certificate errors will be ignored for this session
1639626227747	Marionette	INFO	Stopped listening on port 1196
JavaScript error: resource://gre/modules/UrlClassifierListManager.jsm, line 691: TypeError: this.tablesData[table] is undefined
console.warn: TopSitesFeed: Failed to fetch data from Contile server: NetworkError when attempting to fetch resource.
1639626280402	geckodriver	INFO	Listening on 127.0.0.1:1318
1639626283446	mozrunner::runner	INFO	Running command: "C:\\Program Files\\Mozilla Firefox\\firefox.exe" "--marionette" "-no-remote" "-profile" "C:\\Users\\PENGAL~1\\AppData\\Local\\Temp\\rust_mozprofileQEBFs7"
1639626283749	Marionette	INFO	Marionette enabled
console.warn: SearchSettings: "get: No settings file exists, new profile?" (new NotFoundError("Could not open the file at C:\\Users\\PengalamanIT\\AppData\\Local\\Temp\\rust_mozprofileQEBFs7\\search.json.mozlz4", (void 0)))
1639626286080	Marionette	INFO	Listening on port 1334
1639626286119	RemoteAgent	WARN	TLS certificate errors will be ignored for this session
1639626297755	Marionette	INFO	Stopped listening on port 1334
console.warn: TopSitesFeed: Failed to fetch data from Contile server: NetworkError when attempting to fetch resource.

###!!! [Parent][RunMessage] Error: Channel closing: too late to send/recv, messages will be lost

1639630792106	geckodriver	INFO	Listening on 127.0.0.1:1307
1639630795190	mozrunner::runner	INFO	Running command: "C:\\Program Files\\Mozilla Firefox\\firefox.exe" "--marionette" "-no-remote" "-profile" "C:\\Users\\PENGAL~1\\AppData\\Local\\Temp\\rust_mozprofile7tydgT"
1639630795562	Marionette	INFO	Marionette enabled
console.warn: SearchSettings: "get: No settings file exists, new profile?" (new NotFoundError("Could not open the file at C:\\Users\\PengalamanIT\\AppData\\Local\\Temp\\rust_mozprofile7tydgT\\search.json.mozlz4", (void 0)))
1639630798185	Marionette	INFO	Listening on port 1317
1639630798368	RemoteAgent	WARN	TLS certificate errors will be ignored for this session
1639630800511	Marionette	INFO	Stopped listening on port 1317

###!!! [Parent][RunMessage] Error: Channel closing: too late to send/recv, messages will be lost

1639632831675	geckodriver	INFO	Listening on 127.0.0.1:1177
1639632834736	mozrunner::runner	INFO	Running command: "C:\\Program Files\\Mozilla Firefox\\firefox.exe" "--marionette" "-no-remote" "-profile" "C:\\Users\\PENGAL~1\\AppData\\Local\\Temp\\rust_mozprofileYwJJJK"
1639632835189	Marionette	INFO	Marionette enabled
console.warn: SearchSettings: "get: No settings file exists, new profile?" (new NotFoundError("Could not open the file at C:\\Users\\PengalamanIT\\AppData\\Local\\Temp\\rust_mozprofileYwJJJK\\search.json.mozlz4", (void 0)))
1639632837918	Marionette	INFO	Listening on port 1186
1639632838427	RemoteAgent	WARN	TLS certificate errors will be ignored for this session
1639632852153	Marionette	INFO	Stopped listening on port 1186
console.warn: TopSitesFeed: Failed to fetch data from Contile server: NetworkError when attempting to fetch resource.
1639632890198	geckodriver	INFO	Listening on 127.0.0.1:1321
1639632893236	mozrunner::runner	INFO	Running command: "C:\\Program Files\\Mozilla Firefox\\firefox.exe" "--marionette" "-no-remote" "-profile" "C:\\Users\\PENGAL~1\\AppData\\Local\\Temp\\rust_mozprofileHaHXf9"
1639632893608	Marionette	INFO	Marionette enabled
console.warn: SearchSettings: "get: No settings file exists, new profile?" (new NotFoundError("Could not open the file at C:\\Users\\PengalamanIT\\AppData\\Local\\Temp\\rust_mozprofileHaHXf9\\search.json.mozlz4", (void 0)))
1639632896237	Marionette	INFO	Listening on port 1333
1639632896400	RemoteAgent	WARN	TLS certificate errors will be ignored for this session
1639632907250	Marionette	INFO	Stopped listening on port 1333
console.warn: TopSitesFeed: Failed to fetch data from Contile server: NetworkError when attempting to fetch resource.
1639633021240	geckodriver	INFO	Listening on 127.0.0.1:1716
1639633024299	mozrunner::runner	INFO	Running command: "C:\\Program Files\\Mozilla Firefox\\firefox.exe" "--marionette" "-no-remote" "-profile" "C:\\Users\\PENGAL~1\\AppData\\Local\\Temp\\rust_mozprofilelTGwck"
1639633024673	Marionette	INFO	Marionette enabled
console.warn: SearchSettings: "get: No settings file exists, new profile?" (new NotFoundError("Could not open the file at C:\\Users\\PengalamanIT\\AppData\\Local\\Temp\\rust_mozprofilelTGwck\\search.json.mozlz4", (void 0)))
1639633027252	Marionette	INFO	Listening on port 1740
1639633027464	RemoteAgent	WARN	TLS certificate errors will be ignored for this session
1639633037196	Marionette	INFO	Stopped listening on port 1740
console.warn: TopSitesFeed: Failed to fetch data from Contile server: NetworkError when attempting to fetch resource.
1642988668462	geckodriver	INFO	Listening on 127.0.0.1:5015
1642988671537	mozrunner::runner	INFO	Running command: "C:\\Program Files\\Mozilla Firefox\\firefox.exe" "--marionette" "--remote-debugging-port" "5016" "-no-remote" "-profile" "C:\\Users\\PENGAL~1\\AppData\\Local\\Temp\\rust_mozprofilerSc4bo"
1642988672499	Marionette	INFO	Marionette enabled
console.warn: SearchSettings: "get: No settings file exists, new profile?" (new NotFoundError("Could not open the file at C:\\Users\\PengalamanIT\\AppData\\Local\\Temp\\rust_mozprofilerSc4bo\\search.json.mozlz4", (void 0)))
DevTools listening on ws://localhost:5016/devtools/browser/836c8f4a-e152-48bc-a586-5f18b5072c3a
1642988675133	Marionette	INFO	Listening on port 5021
1642988675214	RemoteAgent	WARN	TLS certificate errors will be ignored for this session
console.warn: LoginRecipes: "getRecipes: falling back to a synchronous message for:" "http://localhost"
1642988686904	Marionette	INFO	Stopped listening on port 5021
console.warn: TopSitesFeed: Failed to fetch data from Contile server: NetworkError when attempting to fetch resource.
